++++++++ 11/28/20 11:07:06 ++++++++
Sample size=3609
Excluded Obs.:       0
Total obs. in files: 3608
Number of cases:     7218
Statistics of attributes
++++++++++++++++++++++++
Name	Nbr	Mean	Min	Max	Recommended/Conservative upper bounds for Box-Cox
BestAlt	3609	1.44958	1	3	
Fare_1	3609	405.774	80	1330	
Fare_2	3609	407.193	80	1390	
Fare_3	3609	405.292	80	1275	
TripTimeHours_1	3609	3.73539	0.666667	6.35	
TripTimeHours_2	3609	5.49661	1.83333	8.85	
TripTimeHours_3	3609	5.4811	1.91667	8.85	
one	3609	1	1	1	
Nbr of times alternatives are available
Alt	#
1	3609
2	3609
3	3609
Nbr of times alternatives are chosen
Alt	#
1	2504
2	589
3	516
Group membership
Group	#
1	3609
