++++++++ 11/28/20 10:20:57 ++++++++
Sample size=3609
Excluded Obs.:       0
Total obs. in files: 3608
Number of cases:     7218
Statistics of attributes
++++++++++++++++++++++++
Name	Nbr	Mean	Min	Max	Recommended/Conservative upper bounds for Box-Cox
BestAlt	3609	1.44958	1	3	
Fare_1	3609	405.774	80	1330	
Fare_2	3609	407.193	80	1390	
Fare_3	3609	405.292	80	1275	
FlyingTimeHours_1	3609	3.73539	0.666667	6.35	
FlyingTimeHours_2	3609	4.23539	1.16667	6.85	
FlyingTimeHours_3	3609	4.23539	1.16667	6.85	
Legroom_1	3609	2.46205	1	4	
Legroom_2	3609	2.47784	1	4	
Legroom_3	3609	2.52936	1	4	
one	3609	1	1	1	
Nbr of times alternatives are available
Alt	#
1	3609
2	3609
3	3609
Nbr of times alternatives are chosen
Alt	#
1	2504
2	589
3	516
Group membership
Group	#
1	3609
