This file has automatically been generated.
11/25/20 21:26:28
Michel Bierlaire, EPFL

biogeme 2.4 [Sun Oct 25 23:01:47 WEST 2015]
Michel Bierlaire, EPFL

[21:26:28]patFileNames.cc:52  binary_specific_netherlands_self.par does not exist
[21:26:28]patFileNames.cc:56  Trying default.par instead
[21:26:28]patBiogeme.cc:134  Read default.par
 Read headers in netherlands.dat
 21 headers read in netherlands.dat
 Total number of different headers: 21
 Read file binary_specific_netherlands_self.mod
 Section [DataFile] is now obsolete
 Opening file netherlands.dat
 Total obs.:   227
 Total memory: 29.8359 Kb
 Detailed info in binary_specific_netherlands_self.sta
 Nbr of attributes: 24
 Nbr of alternatives: 2
 Sample size: 228
 Nbr of groups: 1
 Nbr of betas: 5
 Run time for data processing: 00:00
 Dimension of the optimisation problem = 4
 Utility function: Linear-in-parameters
 Init loglike=-158.038
     gmax Iter   radius        f(x)     Status       rhok nFree
 +6.33e-001    1 1.00e+000 +1.5803756e+002 ****Converg  +1.07e+000 4  ++ P
 +6.33e-001    2 2.00e+000 +1.3119460e+002 ****Converg  +1.09e+000 4  ++ P
 +5.53e-001    3 4.00e+000 +1.2020076e+002 ****Converg  +1.07e+000 4  ++ P
 +8.46e-002    4 8.00e+000 +1.1859498e+002 ****Converg  +9.71e-001 4  ++ P
 +1.87e-002    5 1.60e+001 +1.1820818e+002 ****Converg  +1.02e+000 4  ++ P
 +7.38e-003    6 3.20e+001 +1.1802329e+002 ****Converg  +1.00e+000 4  ++ P
 +1.09e-004    7 6.40e+001 +1.1802314e+002 ****Converg  +1.00e+000 4  ++ P
 Convergence reached...
 Run time: 00:00
 Solution = (2.42981	-0.054381	-2.26211	-0.5428	)
 Gradient = (-8.39974e-006	0.000291999	-1.19632e-005	1.77935e-005	)
 Final log likelihood=-118.023
 Be patient... BIOGEME is preparing the output files
 Run time for var/covar computation: 00:00
 BIOGEME Input files
 ===================
 Parameters:			default.par
 Model specification:		binary_specific_netherlands_self.mod
 Sample 1 :				netherlands.dat
 BIOGEME Output files
 ====================
 Estimation results:		binary_specific_netherlands_self.rep
 Estimation results (HTML):	binary_specific_netherlands_self.html
 Estimation results (Latex):	binary_specific_netherlands_self.tex
 Estimation results (ALogit):	binary_specific_netherlands_self.F12
 Result model spec. file:	binary_specific_netherlands_self.res
 Sample statistics:		binary_specific_netherlands_self.sta
 BIOGEME Debug files
 ===================
 Log file:			binary_specific_netherlands_self.log
 Parameters debug:		parameters.out
 Model debug:			model.debug
 Model spec. file debug:		__specFile.debug
 Model informations: Logit Model
 ==================
 The minimum argument of exp was -4.35487

 Run time for estimation:      00:00
 Total run time:               00:00
