This file has automatically been generated.
11/26/20 11:19:44
Michel Bierlaire, EPFL

biogeme 2.4 [Sun Oct 25 23:01:47 WEST 2015]
Michel Bierlaire, EPFL

[11:19:44]patFileNames.cc:52  MNL_alt_spec_tel.par does not exist
[11:19:44]patFileNames.cc:56  Trying default.par instead
[11:19:44]patBiogeme.cc:134  Read default.par
 Read headers in tel.dat
 25 headers read in tel.dat
 Total number of different headers: 25
 Read file MNL_alt_spec_tel.mod
 Section [DataFile] is now obsolete
 Opening file tel.dat
 Total obs.:   433
 Total memory: 66.1172 Kb
 Detailed info in MNL_alt_spec_tel.sta
 Nbr of attributes: 26
 Nbr of alternatives: 5
 Sample size: 434
 Nbr of groups: 1
 Nbr of betas: 7
 Run time for data processing: 00:00
 Dimension of the optimisation problem = 6
 Utility function: Linear-in-parameters
 Init loglike=-560.25
     gmax Iter   radius        f(x)     Status       rhok nFree
 +1.78e-002    1 1.00e+000 +5.6024958e+002 ****Converg  +1.10e+000 6  ++ P
 +1.78e-002    2 2.00e+000 +5.0923114e+002 ****Converg  +1.31e+000 6  ++ P
 +1.85e-002    3 4.00e+000 +4.8877401e+002 ****Converg  +1.15e+000 6  ++ P
 +1.80e-002    4 8.00e+000 +4.7732442e+002 ****Converg  +1.08e+000 6  ++ P
 +1.75e-002    5 1.60e+001 +4.7613330e+002 ****Converg  +1.01e+000 6  ++ P
 +9.24e-004    6 3.20e+001 +4.7609799e+002 ****Converg  +1.02e+000 6  ++ P
 +1.64e-004    7 6.40e+001 +4.7603961e+002 ****Converg  +1.00e+000 6  ++ P
 +8.89e-006    8 1.28e+002 +4.7603956e+002 ****Converg  +1.00e+000 6  ++ P
 Convergence reached...
 Run time: 00:00
 Solution = (-0.557713	-0.0957554	-0.307878	0.27944	-0.10659	-0.213528	)
 Gradient = (-4.1977e-008	8.59472e-007	5.99931e-007	-1.60489e-006	1.27207e-005	1.01315e-005	)
 Final log likelihood=-476.04
 Be patient... BIOGEME is preparing the output files
 Run time for var/covar computation: 00:00
 BIOGEME Input files
 ===================
 Parameters:			default.par
 Model specification:		MNL_alt_spec_tel.mod
 Sample 1 :				tel.dat
 BIOGEME Output files
 ====================
 Estimation results:		MNL_alt_spec_tel.rep
 Estimation results (HTML):	MNL_alt_spec_tel.html
 Estimation results (Latex):	MNL_alt_spec_tel.tex
 Estimation results (ALogit):	MNL_alt_spec_tel.F12
 Result model spec. file:	MNL_alt_spec_tel.res
 Sample statistics:		MNL_alt_spec_tel.sta
 BIOGEME Debug files
 ===================
 Log file:			MNL_alt_spec_tel.log
 Parameters debug:		parameters.out
 Model debug:			model.debug
 Model spec. file debug:		__specFile.debug
 Model informations: Logit Model
 ==================
 The minimum argument of exp was -89.3215

 Run time for estimation:      00:01
 Total run time:               00:01
